1.257934945663776727e-01
1.334368267766989913e-01
1.171853715466197876e-01
1.522027245154164987e-01
1.405643410245172031e-01
1.513937286245832237e-01
1.025661759866207667e-01
1.429382071140448129e-01
1.536220554823717332e-01
1.496789835618856923e-01
1.351832805072428201e-01
1.425316635896987094e-01
1.417792728382893941e-01
1.039251993721963530e-01
1.153333364097086644e-01
1.121541302736430712e-01
1.075009447783705774e-01
1.126566394929973125e-01
1.124142526448779211e-01
1.104211015325970990e-01
1.424698779892332734e-01
1.494571040030425735e-01
1.079170812074174979e-01
1.480815268107398275e-01
1.340430908517724617e-01
1.390785376902350379e-01
1.163365477390363445e-01
1.524857644507315868e-01
1.537180259457888720e-01
1.500691591344256448e-01
1.382993602386428655e-01
1.351108888244276773e-01
1.449562589798050194e-01
1.365876172383979625e-01
1.500055588149553643e-01
1.131411460439080141e-01
1.096770712805488213e-01
1.400582946702386700e-01
1.386928287232580548e-01
1.378810059125328280e-01
1.253618282074751011e-01
1.434082318172058557e-01
1.468293094231341023e-01
1.424156407007832748e-01
1.106260626772344047e-01
1.184667670496308833e-01
1.200920131219109788e-01
1.474974195058953441e-01
1.476176933957771276e-01
1.052013998392422600e-01
1.518712245390001492e-01
1.380895305303095899e-01
1.227344635956271190e-01
1.173922136763070334e-01
1.040737287382147436e-01
1.362051470948690834e-01
1.195242827825511167e-01
1.128053601040954756e-01
1.139996121282083053e-01
1.381548982213034460e-01
1.081243390270665294e-01
1.176836632314581799e-01
1.459480712498351096e-01
1.409674194004022496e-01
1.499045907712770465e-01
1.347369010301908698e-01
1.187384118328238536e-01
1.306463579937284791e-01
1.195246300787653482e-01
1.343821654370418450e-01
1.174956464728995620e-01
1.232731923247740724e-01
1.369503187260807664e-01
1.425831405490392001e-01
1.509037833814708129e-01
